{"C:\\Users\\Swatto\\EventSleuth\\src\\App.tsx": {"path":"C:\\Users\\Swatto\\EventSleuth\\src\\App.tsx","statementMap":{"0":{"start":{"line":38,"column":20},"end":{"line":69,"column":null}},"1":{"start":{"line":72,"column":15},"end":{"line":81,"column":null}},"2":{"start":{"line":88,"column":38},"end":{"line":88,"column":null}},"3":{"start":{"line":89,"column":38},"end":{"line":101,"column":null}},"4":{"start":{"line":103,"column":23},"end":{"line":106,"column":null}},"5":{"start":{"line":104,"column":4},"end":{"line":104,"column":null}},"6":{"start":{"line":105,"column":4},"end":{"line":105,"column":null}},"7":{"start":{"line":108,"column":33},"end":{"line":114,"column":null}},"8":{"start":{"line":109,"column":18},"end":{"line":109,"column":null}},"9":{"start":{"line":110,"column":4},"end":{"line":113,"column":null}},"10":{"start":{"line":116,"column":2},"end":{"line":445,"column":null}},"11":{"start":{"line":152,"column":16},"end":{"line":158,"column":null}},"12":{"start":{"line":156,"column":32},"end":{"line":156,"column":40}},"13":{"start":{"line":157,"column":35},"end":{"line":157,"column":36}},"14":{"start":{"line":172,"column":18},"end":{"line":175,"column":null}},"15":{"start":{"line":205,"column":20},"end":{"line":210,"column":null}},"16":{"start":{"line":226,"column":20},"end":{"line":231,"column":null}},"17":{"start":{"line":245,"column":16},"end":{"line":264,"column":null}},"18":{"start":{"line":250,"column":20},"end":{"line":255,"column":null}},"19":{"start":{"line":250,"column":47},"end":{"line":255,"column":22}},"20":{"start":{"line":253,"column":58},"end":{"line":253,"column":72}},"21":{"start":{"line":270,"column":72},"end":{"line":270,"column":115}},"22":{"start":{"line":270,"column":96},"end":{"line":270,"column":107}},"23":{"start":{"line":278,"column":25},"end":{"line":278,"column":null}},"24":{"start":{"line":334,"column":18},"end":{"line":340,"column":null}},"25":{"start":{"line":338,"column":34},"end":{"line":338,"column":42}},"26":{"start":{"line":339,"column":37},"end":{"line":339,"column":38}},"27":{"start":{"line":362,"column":32},"end":{"line":365,"column":null}},"28":{"start":{"line":364,"column":35},"end":{"line":364,"column":54}},"29":{"start":{"line":365,"column":38},"end":{"line":365,"column":48}},"30":{"start":{"line":366,"column":20},"end":{"line":366,"column":null}},"31":{"start":{"line":387,"column":36},"end":{"line":390,"column":null}},"32":{"start":{"line":389,"column":34},"end":{"line":389,"column":42}},"33":{"start":{"line":390,"column":37},"end":{"line":390,"column":38}},"34":{"start":{"line":391,"column":20},"end":{"line":391,"column":null}},"35":{"start":{"line":459,"column":21},"end":{"line":459,"column":null}},"36":{"start":{"line":460,"column":21},"end":{"line":460,"column":null}},"37":{"start":{"line":462,"column":29},"end":{"line":476,"column":null}},"38":{"start":{"line":467,"column":4},"end":{"line":475,"column":null}},"39":{"start":{"line":468,"column":6},"end":{"line":472,"column":null}},"40":{"start":{"line":474,"column":6},"end":{"line":474,"column":null}},"41":{"start":{"line":478,"column":23},"end":{"line":532,"column":null}},"42":{"start":{"line":479,"column":4},"end":{"line":531,"column":null}},"43":{"start":{"line":481,"column":22},"end":{"line":492,"column":null}},"44":{"start":{"line":493,"column":19},"end":{"line":505,"column":null}},"45":{"start":{"line":493,"column":45},"end":{"line":505,"column":7}},"46":{"start":{"line":507,"column":25},"end":{"line":510,"column":null}},"47":{"start":{"line":509,"column":29},"end":{"line":509,"column":69}},"48":{"start":{"line":509,"column":47},"end":{"line":509,"column":58}},"49":{"start":{"line":513,"column":23},"end":{"line":521,"column":null}},"50":{"start":{"line":523,"column":6},"end":{"line":528,"column":null}},"51":{"start":{"line":525,"column":24},"end":{"line":525,"column":null}},"52":{"start":{"line":526,"column":21},"end":{"line":526,"column":null}},"53":{"start":{"line":527,"column":8},"end":{"line":527,"column":null}},"54":{"start":{"line":530,"column":6},"end":{"line":530,"column":null}},"55":{"start":{"line":534,"column":2},"end":{"line":541,"column":null}},"56":{"start":{"line":535,"column":4},"end":{"line":539,"column":null}},"57":{"start":{"line":543,"column":2},"end":{"line":790,"column":null}},"58":{"start":{"line":620,"column":12},"end":{"line":786,"column":null}},"59":{"start":{"line":746,"column":22},"end":{"line":750,"column":null}},"60":{"start":{"line":795,"column":26},"end":{"line":795,"column":null}},"61":{"start":{"line":796,"column":32},"end":{"line":796,"column":null}},"62":{"start":{"line":797,"column":24},"end":{"line":797,"column":null}},"63":{"start":{"line":798,"column":28},"end":{"line":798,"column":null}},"64":{"start":{"line":801,"column":2},"end":{"line":803,"column":null}},"65":{"start":{"line":802,"column":4},"end":{"line":802,"column":null}},"66":{"start":{"line":806,"column":2},"end":{"line":817,"column":null}},"67":{"start":{"line":807,"column":29},"end":{"line":815,"column":null}},"68":{"start":{"line":808,"column":6},"end":{"line":814,"column":null}},"69":{"start":{"line":809,"column":24},"end":{"line":809,"column":null}},"70":{"start":{"line":810,"column":8},"end":{"line":810,"column":null}},"71":{"start":{"line":812,"column":8},"end":{"line":812,"column":null}},"72":{"start":{"line":813,"column":8},"end":{"line":813,"column":null}},"73":{"start":{"line":816,"column":4},"end":{"line":816,"column":null}},"74":{"start":{"line":819,"column":23},"end":{"line":832,"column":null}},"75":{"start":{"line":820,"column":4},"end":{"line":820,"column":null}},"76":{"start":{"line":821,"column":4},"end":{"line":831,"column":null}},"77":{"start":{"line":822,"column":22},"end":{"line":824,"column":null}},"78":{"start":{"line":825,"column":6},"end":{"line":825,"column":null}},"79":{"start":{"line":827,"column":6},"end":{"line":827,"column":null}},"80":{"start":{"line":828,"column":6},"end":{"line":828,"column":null}},"81":{"start":{"line":830,"column":6},"end":{"line":830,"column":null}},"82":{"start":{"line":834,"column":22},"end":{"line":836,"column":null}},"83":{"start":{"line":835,"column":4},"end":{"line":835,"column":null}},"84":{"start":{"line":838,"column":2},"end":{"line":964,"column":null}},"85":{"start":{"line":937,"column":12},"end":{"line":960,"column":null}},"86":{"start":{"line":939,"column":31},"end":{"line":939,"column":null}}},"fnMap":{"0":{"name":"SearchForm","decl":{"start":{"line":83,"column":16},"end":{"line":83,"column":27}},"loc":{"start":{"line":87,"column":3},"end":{"line":447,"column":null}},"line":87},"1":{"name":"(anonymous_1)","decl":{"start":{"line":103,"column":23},"end":{"line":103,"column":24}},"loc":{"start":{"line":103,"column":47},"end":{"line":106,"column":null}},"line":103},"2":{"name":"(anonymous_2)","decl":{"start":{"line":108,"column":33},"end":{"line":108,"column":34}},"loc":{"start":{"line":108,"column":77},"end":{"line":114,"column":null}},"line":108},"3":{"name":"(anonymous_3)","decl":{"start":{"line":151,"column":24},"end":{"line":151,"column":25}},"loc":{"start":{"line":152,"column":16},"end":{"line":158,"column":null}},"line":152},"4":{"name":"(anonymous_4)","decl":{"start":{"line":156,"column":25},"end":{"line":156,"column":26}},"loc":{"start":{"line":156,"column":32},"end":{"line":156,"column":40}},"line":156},"5":{"name":"(anonymous_5)","decl":{"start":{"line":157,"column":28},"end":{"line":157,"column":29}},"loc":{"start":{"line":157,"column":35},"end":{"line":157,"column":36}},"line":157},"6":{"name":"(anonymous_6)","decl":{"start":{"line":171,"column":26},"end":{"line":171,"column":27}},"loc":{"start":{"line":172,"column":18},"end":{"line":175,"column":null}},"line":172},"7":{"name":"(anonymous_7)","decl":{"start":{"line":204,"column":28},"end":{"line":204,"column":29}},"loc":{"start":{"line":205,"column":20},"end":{"line":210,"column":null}},"line":205},"8":{"name":"(anonymous_8)","decl":{"start":{"line":225,"column":28},"end":{"line":225,"column":29}},"loc":{"start":{"line":226,"column":20},"end":{"line":231,"column":null}},"line":226},"9":{"name":"(anonymous_9)","decl":{"start":{"line":244,"column":31},"end":{"line":244,"column":32}},"loc":{"start":{"line":245,"column":16},"end":{"line":264,"column":null}},"line":245},"10":{"name":"(anonymous_10)","decl":{"start":{"line":249,"column":27},"end":{"line":249,"column":33}},"loc":{"start":{"line":249,"column":33},"end":{"line":256,"column":null}},"line":249},"11":{"name":"(anonymous_11)","decl":{"start":{"line":250,"column":36},"end":{"line":250,"column":37}},"loc":{"start":{"line":250,"column":47},"end":{"line":255,"column":22}},"line":250},"12":{"name":"(anonymous_12)","decl":{"start":{"line":253,"column":50},"end":{"line":253,"column":51}},"loc":{"start":{"line":253,"column":58},"end":{"line":253,"column":72}},"line":253},"13":{"name":"(anonymous_13)","decl":{"start":{"line":270,"column":64},"end":{"line":270,"column":65}},"loc":{"start":{"line":270,"column":72},"end":{"line":270,"column":115}},"line":270},"14":{"name":"(anonymous_14)","decl":{"start":{"line":270,"column":89},"end":{"line":270,"column":90}},"loc":{"start":{"line":270,"column":96},"end":{"line":270,"column":107}},"line":270},"15":{"name":"(anonymous_15)","decl":{"start":{"line":278,"column":19},"end":{"line":278,"column":25}},"loc":{"start":{"line":278,"column":25},"end":{"line":278,"column":null}},"line":278},"16":{"name":"(anonymous_16)","decl":{"start":{"line":333,"column":26},"end":{"line":333,"column":27}},"loc":{"start":{"line":334,"column":18},"end":{"line":340,"column":null}},"line":334},"17":{"name":"(anonymous_17)","decl":{"start":{"line":338,"column":27},"end":{"line":338,"column":28}},"loc":{"start":{"line":338,"column":34},"end":{"line":338,"column":42}},"line":338},"18":{"name":"(anonymous_18)","decl":{"start":{"line":339,"column":30},"end":{"line":339,"column":31}},"loc":{"start":{"line":339,"column":37},"end":{"line":339,"column":38}},"line":339},"19":{"name":"(anonymous_19)","decl":{"start":{"line":361,"column":28},"end":{"line":361,"column":29}},"loc":{"start":{"line":361,"column":35},"end":{"line":367,"column":null}},"line":361},"20":{"name":"(anonymous_20)","decl":{"start":{"line":364,"column":27},"end":{"line":364,"column":28}},"loc":{"start":{"line":364,"column":35},"end":{"line":364,"column":54}},"line":364},"21":{"name":"(anonymous_21)","decl":{"start":{"line":365,"column":30},"end":{"line":365,"column":31}},"loc":{"start":{"line":365,"column":38},"end":{"line":365,"column":48}},"line":365},"22":{"name":"(anonymous_22)","decl":{"start":{"line":386,"column":28},"end":{"line":386,"column":29}},"loc":{"start":{"line":386,"column":35},"end":{"line":392,"column":null}},"line":386},"23":{"name":"(anonymous_23)","decl":{"start":{"line":389,"column":27},"end":{"line":389,"column":28}},"loc":{"start":{"line":389,"column":34},"end":{"line":389,"column":42}},"line":389},"24":{"name":"(anonymous_24)","decl":{"start":{"line":390,"column":30},"end":{"line":390,"column":31}},"loc":{"start":{"line":390,"column":37},"end":{"line":390,"column":38}},"line":390},"25":{"name":"EventList","decl":{"start":{"line":449,"column":16},"end":{"line":449,"column":26}},"loc":{"start":{"line":457,"column":3},"end":{"line":792,"column":null}},"line":457},"26":{"name":"(anonymous_26)","decl":{"start":{"line":462,"column":29},"end":{"line":462,"column":null}},"loc":{"start":{"line":466,"column":7},"end":{"line":476,"column":null}},"line":466},"27":{"name":"(anonymous_27)","decl":{"start":{"line":478,"column":23},"end":{"line":478,"column":35}},"loc":{"start":{"line":478,"column":35},"end":{"line":532,"column":null}},"line":478},"28":{"name":"(anonymous_28)","decl":{"start":{"line":493,"column":34},"end":{"line":493,"column":35}},"loc":{"start":{"line":493,"column":45},"end":{"line":505,"column":7}},"line":493},"29":{"name":"(anonymous_29)","decl":{"start":{"line":509,"column":20},"end":{"line":509,"column":21}},"loc":{"start":{"line":509,"column":29},"end":{"line":509,"column":69}},"line":509},"30":{"name":"(anonymous_30)","decl":{"start":{"line":509,"column":37},"end":{"line":509,"column":38}},"loc":{"start":{"line":509,"column":47},"end":{"line":509,"column":58}},"line":509},"31":{"name":"(anonymous_31)","decl":{"start":{"line":619,"column":26},"end":{"line":619,"column":27}},"loc":{"start":{"line":620,"column":12},"end":{"line":786,"column":null}},"line":620},"32":{"name":"(anonymous_32)","decl":{"start":{"line":745,"column":29},"end":{"line":745,"column":null}},"loc":{"start":{"line":746,"column":22},"end":{"line":750,"column":null}},"line":746},"33":{"name":"App","decl":{"start":{"line":794,"column":9},"end":{"line":794,"column":15}},"loc":{"start":{"line":794,"column":15},"end":{"line":966,"column":null}},"line":794},"34":{"name":"(anonymous_34)","decl":{"start":{"line":801,"column":12},"end":{"line":801,"column":18}},"loc":{"start":{"line":801,"column":18},"end":{"line":803,"column":5}},"line":801},"35":{"name":"(anonymous_35)","decl":{"start":{"line":806,"column":12},"end":{"line":806,"column":18}},"loc":{"start":{"line":806,"column":18},"end":{"line":817,"column":5}},"line":806},"36":{"name":"(anonymous_36)","decl":{"start":{"line":807,"column":29},"end":{"line":807,"column":41}},"loc":{"start":{"line":807,"column":41},"end":{"line":815,"column":null}},"line":807},"37":{"name":"(anonymous_37)","decl":{"start":{"line":819,"column":23},"end":{"line":819,"column":30}},"loc":{"start":{"line":819,"column":55},"end":{"line":832,"column":null}},"line":819},"38":{"name":"(anonymous_38)","decl":{"start":{"line":834,"column":22},"end":{"line":834,"column":28}},"loc":{"start":{"line":834,"column":28},"end":{"line":836,"column":null}},"line":834},"39":{"name":"(anonymous_39)","decl":{"start":{"line":936,"column":22},"end":{"line":936,"column":23}},"loc":{"start":{"line":937,"column":12},"end":{"line":960,"column":null}},"line":937},"40":{"name":"(anonymous_40)","decl":{"start":{"line":939,"column":25},"end":{"line":939,"column":31}},"loc":{"start":{"line":939,"column":31},"end":{"line":939,"column":null}},"line":939}},"branchMap":{"0":{"loc":{"start":{"line":112,"column":19},"end":{"line":112,"column":null}},"type":"cond-expr","locations":[{"start":{"line":112,"column":52},"end":{"line":112,"column":59}},{"start":{"line":112,"column":59},"end":{"line":112,"column":null}}],"line":112},"1":{"loc":{"start":{"line":112,"column":19},"end":{"line":112,"column":52}},"type":"binary-expr","locations":[{"start":{"line":112,"column":19},"end":{"line":112,"column":38}},{"start":{"line":112,"column":38},"end":{"line":112,"column":52}}],"line":112},"2":{"loc":{"start":{"line":207,"column":34},"end":{"line":209,"column":null}},"type":"cond-expr","locations":[{"start":{"line":208,"column":26},"end":{"line":208,"column":null}},{"start":{"line":209,"column":26},"end":{"line":209,"column":null}}],"line":207},"3":{"loc":{"start":{"line":228,"column":32},"end":{"line":230,"column":null}},"type":"cond-expr","locations":[{"start":{"line":229,"column":26},"end":{"line":229,"column":null}},{"start":{"line":230,"column":26},"end":{"line":230,"column":null}}],"line":228},"4":{"loc":{"start":{"line":252,"column":35},"end":{"line":254,"column":null}},"type":"cond-expr","locations":[{"start":{"line":253,"column":26},"end":{"line":253,"column":null}},{"start":{"line":254,"column":26},"end":{"line":254,"column":null}}],"line":252},"5":{"loc":{"start":{"line":258,"column":20},"end":{"line":260,"column":null}},"type":"cond-expr","locations":[{"start":{"line":259,"column":24},"end":{"line":259,"column":null}},{"start":{"line":260,"column":24},"end":{"line":260,"column":null}}],"line":258},"6":{"loc":{"start":{"line":268,"column":15},"end":{"line":270,"column":null}},"type":"cond-expr","locations":[{"start":{"line":269,"column":18},"end":{"line":269,"column":null}},{"start":{"line":270,"column":18},"end":{"line":270,"column":null}}],"line":268},"7":{"loc":{"start":{"line":283,"column":55},"end":{"line":283,"column":87}},"type":"cond-expr","locations":[{"start":{"line":283,"column":70},"end":{"line":283,"column":85}},{"start":{"line":283,"column":85},"end":{"line":283,"column":87}}],"line":283},"8":{"loc":{"start":{"line":295,"column":11},"end":{"line":295,"column":null}},"type":"cond-expr","locations":[{"start":{"line":295,"column":26},"end":{"line":295,"column":52}},{"start":{"line":295,"column":52},"end":{"line":295,"column":null}}],"line":295},"9":{"loc":{"start":{"line":299,"column":9},"end":{"line":421,"column":null}},"type":"binary-expr","locations":[{"start":{"line":299,"column":9},"end":{"line":299,"column":null}},{"start":{"line":300,"column":10},"end":{"line":421,"column":null}}],"line":299},"10":{"loc":{"start":{"line":416,"column":17},"end":{"line":418,"column":null}},"type":"cond-expr","locations":[{"start":{"line":417,"column":20},"end":{"line":417,"column":null}},{"start":{"line":418,"column":20},"end":{"line":418,"column":null}}],"line":416},"11":{"loc":{"start":{"line":459,"column":21},"end":{"line":459,"column":null}},"type":"binary-expr","locations":[{"start":{"line":459,"column":21},"end":{"line":459,"column":31}},{"start":{"line":459,"column":31},"end":{"line":459,"column":null}}],"line":459},"12":{"loc":{"start":{"line":523,"column":6},"end":{"line":528,"column":null}},"type":"if","locations":[{"start":{"line":523,"column":6},"end":{"line":528,"column":null}},{"start":{},"end":{}}],"line":523},"13":{"loc":{"start":{"line":534,"column":2},"end":{"line":541,"column":null}},"type":"if","locations":[{"start":{"line":534,"column":2},"end":{"line":541,"column":null}},{"start":{},"end":{}}],"line":534},"14":{"loc":{"start":{"line":545,"column":7},"end":{"line":591,"column":null}},"type":"binary-expr","locations":[{"start":{"line":545,"column":7},"end":{"line":545,"column":null}},{"start":{"line":546,"column":8},"end":{"line":591,"column":null}}],"line":545},"15":{"loc":{"start":{"line":549,"column":28},"end":{"line":549,"column":66}},"type":"cond-expr","locations":[{"start":{"line":549,"column":47},"end":{"line":549,"column":57}},{"start":{"line":549,"column":57},"end":{"line":549,"column":66}}],"line":549},"16":{"loc":{"start":{"line":594,"column":7},"end":{"line":788,"column":null}},"type":"cond-expr","locations":[{"start":{"line":595,"column":8},"end":{"line":616,"column":null}},{"start":{"line":618,"column":8},"end":{"line":788,"column":null}}],"line":594},"17":{"loc":{"start":{"line":629,"column":24},"end":{"line":637,"column":null}},"type":"cond-expr","locations":[{"start":{"line":630,"column":28},"end":{"line":630,"column":null}},{"start":{"line":631,"column":28},"end":{"line":637,"column":null}}],"line":629},"18":{"loc":{"start":{"line":631,"column":28},"end":{"line":637,"column":null}},"type":"cond-expr","locations":[{"start":{"line":632,"column":30},"end":{"line":632,"column":null}},{"start":{"line":633,"column":30},"end":{"line":637,"column":null}}],"line":631},"19":{"loc":{"start":{"line":633,"column":30},"end":{"line":637,"column":null}},"type":"cond-expr","locations":[{"start":{"line":634,"column":32},"end":{"line":634,"column":null}},{"start":{"line":635,"column":32},"end":{"line":637,"column":null}}],"line":633},"20":{"loc":{"start":{"line":635,"column":32},"end":{"line":637,"column":null}},"type":"cond-expr","locations":[{"start":{"line":636,"column":34},"end":{"line":636,"column":null}},{"start":{"line":637,"column":34},"end":{"line":637,"column":null}}],"line":635},"21":{"loc":{"start":{"line":778,"column":20},"end":{"line":783,"column":null}},"type":"cond-expr","locations":[{"start":{"line":779,"column":24},"end":{"line":782,"column":null}},{"start":{"line":783,"column":24},"end":{"line":783,"column":null}}],"line":778},"22":{"loc":{"start":{"line":778,"column":20},"end":{"line":778,"column":null}},"type":"binary-expr","locations":[{"start":{"line":778,"column":20},"end":{"line":778,"column":37}},{"start":{"line":778,"column":37},"end":{"line":778,"column":null}}],"line":778},"23":{"loc":{"start":{"line":841,"column":9},"end":{"line":863,"column":null}},"type":"binary-expr","locations":[{"start":{"line":841,"column":9},"end":{"line":841,"column":null}},{"start":{"line":842,"column":10},"end":{"line":863,"column":null}}],"line":841},"24":{"loc":{"start":{"line":940,"column":41},"end":{"line":940,"column":68}},"type":"cond-expr","locations":[{"start":{"line":940,"column":55},"end":{"line":940,"column":66}},{"start":{"line":940,"column":66},"end":{"line":940,"column":68}}],"line":940},"25":{"loc":{"start":{"line":942,"column":17},"end":{"line":956,"column":null}},"type":"binary-expr","locations":[{"start":{"line":942,"column":17},"end":{"line":942,"column":null}},{"start":{"line":943,"column":18},"end":{"line":956,"column":null}}],"line":942}},"s":{"0":4,"1":4,"2":530,"3":530,"4":530,"5":54,"6":54,"7":530,"8":8,"9":8,"10":530,"11":161,"12":315,"13":315,"14":1,"15":4,"16":4,"17":2650,"18":16,"19":16,"20":1,"21":196,"22":589,"23":12,"24":28,"25":43,"26":43,"27":62,"28":136,"29":136,"30":62,"31":49,"32":65,"33":65,"34":49,"35":202,"36":202,"37":202,"38":2,"39":2,"40":0,"41":202,"42":8,"43":8,"44":8,"45":13,"46":8,"47":13,"48":130,"49":8,"50":8,"51":7,"52":7,"53":7,"54":0,"55":202,"56":34,"57":168,"58":276,"59":2,"60":156,"61":156,"62":156,"63":156,"64":156,"65":50,"66":156,"67":45,"68":45,"69":45,"70":43,"71":2,"72":2,"73":45,"74":156,"75":31,"76":31,"77":31,"78":28,"79":3,"80":3,"81":31,"82":156,"83":4,"84":156,"85":1248,"86":5},"f":{"0":530,"1":54,"2":8,"3":161,"4":315,"5":315,"6":1,"7":4,"8":4,"9":2650,"10":16,"11":16,"12":1,"13":196,"14":589,"15":12,"16":28,"17":43,"18":43,"19":62,"20":136,"21":136,"22":49,"23":65,"24":65,"25":202,"26":2,"27":8,"28":13,"29":13,"30":130,"31":276,"32":2,"33":156,"34":50,"35":45,"36":45,"37":31,"38":4,"39":1248,"40":5},"b":{"0":[1,7],"1":[8,8],"2":[4,0],"3":[4,0],"4":[1,15],"5":[196,2454],"6":[428,102],"7":[160,370],"8":[160,370],"9":[530,160],"10":[9,151],"11":[202,1],"12":[7,1],"13":[34,168],"14":[168,65],"15":[55,10],"16":[103,65],"17":[3,273],"18":[262,11],"19":[8,3],"20":[2,1],"21":[170,106],"22":[276,276],"23":[156,45],"24":[156,1092],"25":[1248,156]},"meta":{"lastBranch":26,"lastFunction":41,"lastStatement":87,"seen":{"s:38:20:69:Infinity":0,"s:72:15:81:Infinity":1,"f:83:16:83:27":0,"s:88:38:88:Infinity":2,"s:89:38:101:Infinity":3,"s:103:23:106:Infinity":4,"f:103:23:103:24":1,"s:104:4:104:Infinity":5,"s:105:4:105:Infinity":6,"s:108:33:114:Infinity":7,"f:108:33:108:34":2,"s:109:18:109:Infinity":8,"s:110:4:113:Infinity":9,"b:112:52:112:59:112:59:112:Infinity":0,"b:112:19:112:38:112:38:112:52":1,"s:116:2:445:Infinity":10,"f:151:24:151:25":3,"s:152:16:158:Infinity":11,"f:156:25:156:26":4,"s:156:32:156:40":12,"f:157:28:157:29":5,"s:157:35:157:36":13,"f:171:26:171:27":6,"s:172:18:175:Infinity":14,"f:204:28:204:29":7,"s:205:20:210:Infinity":15,"b:208:26:208:Infinity:209:26:209:Infinity":2,"f:225:28:225:29":8,"s:226:20:231:Infinity":16,"b:229:26:229:Infinity:230:26:230:Infinity":3,"f:244:31:244:32":9,"s:245:16:264:Infinity":17,"f:249:27:249:33":10,"s:250:20:255:Infinity":18,"f:250:36:250:37":11,"s:250:47:255:22":19,"b:253:26:253:Infinity:254:26:254:Infinity":4,"f:253:50:253:51":12,"s:253:58:253:72":20,"b:259:24:259:Infinity:260:24:260:Infinity":5,"b:269:18:269:Infinity:270:18:270:Infinity":6,"f:270:64:270:65":13,"s:270:72:270:115":21,"f:270:89:270:90":14,"s:270:96:270:107":22,"f:278:19:278:25":15,"s:278:25:278:Infinity":23,"b:283:70:283:85:283:85:283:87":7,"b:295:26:295:52:295:52:295:Infinity":8,"b:299:9:299:Infinity:300:10:421:Infinity":9,"f:333:26:333:27":16,"s:334:18:340:Infinity":24,"f:338:27:338:28":17,"s:338:34:338:42":25,"f:339:30:339:31":18,"s:339:37:339:38":26,"f:361:28:361:29":19,"s:362:32:365:Infinity":27,"f:364:27:364:28":20,"s:364:35:364:54":28,"f:365:30:365:31":21,"s:365:38:365:48":29,"s:366:20:366:Infinity":30,"f:386:28:386:29":22,"s:387:36:390:Infinity":31,"f:389:27:389:28":23,"s:389:34:389:42":32,"f:390:30:390:31":24,"s:390:37:390:38":33,"s:391:20:391:Infinity":34,"b:417:20:417:Infinity:418:20:418:Infinity":10,"f:449:16:449:26":25,"s:459:21:459:Infinity":35,"b:459:21:459:31:459:31:459:Infinity":11,"s:460:21:460:Infinity":36,"s:462:29:476:Infinity":37,"f:462:29:462:Infinity":26,"s:467:4:475:Infinity":38,"s:468:6:472:Infinity":39,"s:474:6:474:Infinity":40,"s:478:23:532:Infinity":41,"f:478:23:478:35":27,"s:479:4:531:Infinity":42,"s:481:22:492:Infinity":43,"s:493:19:505:Infinity":44,"f:493:34:493:35":28,"s:493:45:505:7":45,"s:507:25:510:Infinity":46,"f:509:20:509:21":29,"s:509:29:509:69":47,"f:509:37:509:38":30,"s:509:47:509:58":48,"s:513:23:521:Infinity":49,"b:523:6:528:Infinity:undefined:undefined:undefined:undefined":12,"s:523:6:528:Infinity":50,"s:525:24:525:Infinity":51,"s:526:21:526:Infinity":52,"s:527:8:527:Infinity":53,"s:530:6:530:Infinity":54,"b:534:2:541:Infinity:undefined:undefined:undefined:undefined":13,"s:534:2:541:Infinity":55,"s:535:4:539:Infinity":56,"s:543:2:790:Infinity":57,"b:545:7:545:Infinity:546:8:591:Infinity":14,"b:549:47:549:57:549:57:549:66":15,"b:595:8:616:Infinity:618:8:788:Infinity":16,"f:619:26:619:27":31,"s:620:12:786:Infinity":58,"b:630:28:630:Infinity:631:28:637:Infinity":17,"b:632:30:632:Infinity:633:30:637:Infinity":18,"b:634:32:634:Infinity:635:32:637:Infinity":19,"b:636:34:636:Infinity:637:34:637:Infinity":20,"f:745:29:745:Infinity":32,"s:746:22:750:Infinity":59,"b:779:24:782:Infinity:783:24:783:Infinity":21,"b:778:20:778:37:778:37:778:Infinity":22,"f:794:9:794:15":33,"s:795:26:795:Infinity":60,"s:796:32:796:Infinity":61,"s:797:24:797:Infinity":62,"s:798:28:798:Infinity":63,"s:801:2:803:Infinity":64,"f:801:12:801:18":34,"s:802:4:802:Infinity":65,"s:806:2:817:Infinity":66,"f:806:12:806:18":35,"s:807:29:815:Infinity":67,"f:807:29:807:41":36,"s:808:6:814:Infinity":68,"s:809:24:809:Infinity":69,"s:810:8:810:Infinity":70,"s:812:8:812:Infinity":71,"s:813:8:813:Infinity":72,"s:816:4:816:Infinity":73,"s:819:23:832:Infinity":74,"f:819:23:819:30":37,"s:820:4:820:Infinity":75,"s:821:4:831:Infinity":76,"s:822:22:824:Infinity":77,"s:825:6:825:Infinity":78,"s:827:6:827:Infinity":79,"s:828:6:828:Infinity":80,"s:830:6:830:Infinity":81,"s:834:22:836:Infinity":82,"f:834:22:834:28":38,"s:835:4:835:Infinity":83,"s:838:2:964:Infinity":84,"b:841:9:841:Infinity:842:10:863:Infinity":23,"f:936:22:936:23":39,"s:937:12:960:Infinity":85,"f:939:25:939:31":40,"s:939:31:939:Infinity":86,"b:940:55:940:66:940:66:940:68":24,"b:942:17:942:Infinity:943:18:956:Infinity":25}}}
,"C:\\Users\\Swatto\\EventSleuth\\src\\styles.css": {"path":"C:\\Users\\Swatto\\EventSleuth\\src\\styles.css","statementMap":{},"fnMap":{},"branchMap":{},"s":{},"f":{},"b":{},"meta":{"lastBranch":0,"lastFunction":0,"lastStatement":0,"seen":{}}}
}
