{"C:\\Users\\Swatto\\EventSleuth\\src\\App.tsx": {"path":"C:\\Users\\Swatto\\EventSleuth\\src\\App.tsx","statementMap":{"0":{"start":{"line":34,"column":20},"end":{"line":65,"column":null}},"1":{"start":{"line":68,"column":15},"end":{"line":77,"column":null}},"2":{"start":{"line":84,"column":38},"end":{"line":84,"column":null}},"3":{"start":{"line":85,"column":38},"end":{"line":96,"column":null}},"4":{"start":{"line":98,"column":23},"end":{"line":101,"column":null}},"5":{"start":{"line":99,"column":4},"end":{"line":99,"column":null}},"6":{"start":{"line":100,"column":4},"end":{"line":100,"column":null}},"7":{"start":{"line":103,"column":33},"end":{"line":109,"column":null}},"8":{"start":{"line":104,"column":18},"end":{"line":104,"column":null}},"9":{"start":{"line":105,"column":4},"end":{"line":108,"column":null}},"10":{"start":{"line":111,"column":2},"end":{"line":419,"column":null}},"11":{"start":{"line":147,"column":16},"end":{"line":153,"column":null}},"12":{"start":{"line":151,"column":32},"end":{"line":151,"column":40}},"13":{"start":{"line":152,"column":35},"end":{"line":152,"column":36}},"14":{"start":{"line":179,"column":20},"end":{"line":184,"column":null}},"15":{"start":{"line":200,"column":20},"end":{"line":205,"column":null}},"16":{"start":{"line":219,"column":16},"end":{"line":238,"column":null}},"17":{"start":{"line":224,"column":20},"end":{"line":229,"column":null}},"18":{"start":{"line":224,"column":47},"end":{"line":229,"column":22}},"19":{"start":{"line":227,"column":58},"end":{"line":227,"column":72}},"20":{"start":{"line":244,"column":72},"end":{"line":244,"column":115}},"21":{"start":{"line":244,"column":96},"end":{"line":244,"column":107}},"22":{"start":{"line":252,"column":25},"end":{"line":252,"column":null}},"23":{"start":{"line":308,"column":18},"end":{"line":314,"column":null}},"24":{"start":{"line":312,"column":34},"end":{"line":312,"column":42}},"25":{"start":{"line":313,"column":37},"end":{"line":313,"column":38}},"26":{"start":{"line":336,"column":32},"end":{"line":339,"column":null}},"27":{"start":{"line":338,"column":35},"end":{"line":338,"column":54}},"28":{"start":{"line":339,"column":38},"end":{"line":339,"column":48}},"29":{"start":{"line":340,"column":20},"end":{"line":340,"column":null}},"30":{"start":{"line":361,"column":36},"end":{"line":364,"column":null}},"31":{"start":{"line":363,"column":34},"end":{"line":363,"column":42}},"32":{"start":{"line":364,"column":37},"end":{"line":364,"column":38}},"33":{"start":{"line":365,"column":20},"end":{"line":365,"column":null}},"34":{"start":{"line":433,"column":21},"end":{"line":433,"column":null}},"35":{"start":{"line":434,"column":21},"end":{"line":434,"column":null}},"36":{"start":{"line":436,"column":23},"end":{"line":474,"column":null}},"37":{"start":{"line":437,"column":4},"end":{"line":473,"column":null}},"38":{"start":{"line":439,"column":22},"end":{"line":439,"column":null}},"39":{"start":{"line":440,"column":19},"end":{"line":447,"column":null}},"40":{"start":{"line":440,"column":45},"end":{"line":447,"column":7}},"41":{"start":{"line":449,"column":25},"end":{"line":452,"column":null}},"42":{"start":{"line":451,"column":29},"end":{"line":451,"column":69}},"43":{"start":{"line":451,"column":47},"end":{"line":451,"column":58}},"44":{"start":{"line":455,"column":23},"end":{"line":463,"column":null}},"45":{"start":{"line":465,"column":6},"end":{"line":470,"column":null}},"46":{"start":{"line":467,"column":24},"end":{"line":467,"column":null}},"47":{"start":{"line":468,"column":21},"end":{"line":468,"column":null}},"48":{"start":{"line":469,"column":8},"end":{"line":469,"column":null}},"49":{"start":{"line":472,"column":6},"end":{"line":472,"column":null}},"50":{"start":{"line":476,"column":2},"end":{"line":483,"column":null}},"51":{"start":{"line":477,"column":4},"end":{"line":481,"column":null}},"52":{"start":{"line":485,"column":2},"end":{"line":677,"column":null}},"53":{"start":{"line":562,"column":12},"end":{"line":673,"column":null}},"54":{"start":{"line":682,"column":26},"end":{"line":682,"column":null}},"55":{"start":{"line":683,"column":32},"end":{"line":683,"column":null}},"56":{"start":{"line":684,"column":24},"end":{"line":684,"column":null}},"57":{"start":{"line":685,"column":28},"end":{"line":685,"column":null}},"58":{"start":{"line":688,"column":2},"end":{"line":690,"column":null}},"59":{"start":{"line":689,"column":4},"end":{"line":689,"column":null}},"60":{"start":{"line":693,"column":2},"end":{"line":704,"column":null}},"61":{"start":{"line":694,"column":29},"end":{"line":702,"column":null}},"62":{"start":{"line":695,"column":6},"end":{"line":701,"column":null}},"63":{"start":{"line":696,"column":24},"end":{"line":696,"column":null}},"64":{"start":{"line":697,"column":8},"end":{"line":697,"column":null}},"65":{"start":{"line":699,"column":8},"end":{"line":699,"column":null}},"66":{"start":{"line":700,"column":8},"end":{"line":700,"column":null}},"67":{"start":{"line":703,"column":4},"end":{"line":703,"column":null}},"68":{"start":{"line":706,"column":23},"end":{"line":719,"column":null}},"69":{"start":{"line":707,"column":4},"end":{"line":707,"column":null}},"70":{"start":{"line":708,"column":4},"end":{"line":718,"column":null}},"71":{"start":{"line":709,"column":22},"end":{"line":711,"column":null}},"72":{"start":{"line":712,"column":6},"end":{"line":712,"column":null}},"73":{"start":{"line":714,"column":6},"end":{"line":714,"column":null}},"74":{"start":{"line":715,"column":6},"end":{"line":715,"column":null}},"75":{"start":{"line":717,"column":6},"end":{"line":717,"column":null}},"76":{"start":{"line":721,"column":22},"end":{"line":723,"column":null}},"77":{"start":{"line":722,"column":4},"end":{"line":722,"column":null}},"78":{"start":{"line":725,"column":2},"end":{"line":851,"column":null}},"79":{"start":{"line":824,"column":12},"end":{"line":847,"column":null}},"80":{"start":{"line":826,"column":31},"end":{"line":826,"column":null}}},"fnMap":{"0":{"name":"SearchForm","decl":{"start":{"line":79,"column":16},"end":{"line":79,"column":27}},"loc":{"start":{"line":83,"column":3},"end":{"line":421,"column":null}},"line":83},"1":{"name":"(anonymous_1)","decl":{"start":{"line":98,"column":23},"end":{"line":98,"column":24}},"loc":{"start":{"line":98,"column":47},"end":{"line":101,"column":null}},"line":98},"2":{"name":"(anonymous_2)","decl":{"start":{"line":103,"column":33},"end":{"line":103,"column":34}},"loc":{"start":{"line":103,"column":77},"end":{"line":109,"column":null}},"line":103},"3":{"name":"(anonymous_3)","decl":{"start":{"line":146,"column":24},"end":{"line":146,"column":25}},"loc":{"start":{"line":147,"column":16},"end":{"line":153,"column":null}},"line":147},"4":{"name":"(anonymous_4)","decl":{"start":{"line":151,"column":25},"end":{"line":151,"column":26}},"loc":{"start":{"line":151,"column":32},"end":{"line":151,"column":40}},"line":151},"5":{"name":"(anonymous_5)","decl":{"start":{"line":152,"column":28},"end":{"line":152,"column":29}},"loc":{"start":{"line":152,"column":35},"end":{"line":152,"column":36}},"line":152},"6":{"name":"(anonymous_6)","decl":{"start":{"line":178,"column":28},"end":{"line":178,"column":29}},"loc":{"start":{"line":179,"column":20},"end":{"line":184,"column":null}},"line":179},"7":{"name":"(anonymous_7)","decl":{"start":{"line":199,"column":28},"end":{"line":199,"column":29}},"loc":{"start":{"line":200,"column":20},"end":{"line":205,"column":null}},"line":200},"8":{"name":"(anonymous_8)","decl":{"start":{"line":218,"column":31},"end":{"line":218,"column":32}},"loc":{"start":{"line":219,"column":16},"end":{"line":238,"column":null}},"line":219},"9":{"name":"(anonymous_9)","decl":{"start":{"line":223,"column":27},"end":{"line":223,"column":33}},"loc":{"start":{"line":223,"column":33},"end":{"line":230,"column":null}},"line":223},"10":{"name":"(anonymous_10)","decl":{"start":{"line":224,"column":36},"end":{"line":224,"column":37}},"loc":{"start":{"line":224,"column":47},"end":{"line":229,"column":22}},"line":224},"11":{"name":"(anonymous_11)","decl":{"start":{"line":227,"column":50},"end":{"line":227,"column":51}},"loc":{"start":{"line":227,"column":58},"end":{"line":227,"column":72}},"line":227},"12":{"name":"(anonymous_12)","decl":{"start":{"line":244,"column":64},"end":{"line":244,"column":65}},"loc":{"start":{"line":244,"column":72},"end":{"line":244,"column":115}},"line":244},"13":{"name":"(anonymous_13)","decl":{"start":{"line":244,"column":89},"end":{"line":244,"column":90}},"loc":{"start":{"line":244,"column":96},"end":{"line":244,"column":107}},"line":244},"14":{"name":"(anonymous_14)","decl":{"start":{"line":252,"column":19},"end":{"line":252,"column":25}},"loc":{"start":{"line":252,"column":25},"end":{"line":252,"column":null}},"line":252},"15":{"name":"(anonymous_15)","decl":{"start":{"line":307,"column":26},"end":{"line":307,"column":27}},"loc":{"start":{"line":308,"column":18},"end":{"line":314,"column":null}},"line":308},"16":{"name":"(anonymous_16)","decl":{"start":{"line":312,"column":27},"end":{"line":312,"column":28}},"loc":{"start":{"line":312,"column":34},"end":{"line":312,"column":42}},"line":312},"17":{"name":"(anonymous_17)","decl":{"start":{"line":313,"column":30},"end":{"line":313,"column":31}},"loc":{"start":{"line":313,"column":37},"end":{"line":313,"column":38}},"line":313},"18":{"name":"(anonymous_18)","decl":{"start":{"line":335,"column":28},"end":{"line":335,"column":29}},"loc":{"start":{"line":335,"column":35},"end":{"line":341,"column":null}},"line":335},"19":{"name":"(anonymous_19)","decl":{"start":{"line":338,"column":27},"end":{"line":338,"column":28}},"loc":{"start":{"line":338,"column":35},"end":{"line":338,"column":54}},"line":338},"20":{"name":"(anonymous_20)","decl":{"start":{"line":339,"column":30},"end":{"line":339,"column":31}},"loc":{"start":{"line":339,"column":38},"end":{"line":339,"column":48}},"line":339},"21":{"name":"(anonymous_21)","decl":{"start":{"line":360,"column":28},"end":{"line":360,"column":29}},"loc":{"start":{"line":360,"column":35},"end":{"line":366,"column":null}},"line":360},"22":{"name":"(anonymous_22)","decl":{"start":{"line":363,"column":27},"end":{"line":363,"column":28}},"loc":{"start":{"line":363,"column":34},"end":{"line":363,"column":42}},"line":363},"23":{"name":"(anonymous_23)","decl":{"start":{"line":364,"column":30},"end":{"line":364,"column":31}},"loc":{"start":{"line":364,"column":37},"end":{"line":364,"column":38}},"line":364},"24":{"name":"EventList","decl":{"start":{"line":423,"column":16},"end":{"line":423,"column":26}},"loc":{"start":{"line":431,"column":3},"end":{"line":679,"column":null}},"line":431},"25":{"name":"(anonymous_25)","decl":{"start":{"line":436,"column":23},"end":{"line":436,"column":35}},"loc":{"start":{"line":436,"column":35},"end":{"line":474,"column":null}},"line":436},"26":{"name":"(anonymous_26)","decl":{"start":{"line":440,"column":34},"end":{"line":440,"column":35}},"loc":{"start":{"line":440,"column":45},"end":{"line":447,"column":7}},"line":440},"27":{"name":"(anonymous_27)","decl":{"start":{"line":451,"column":20},"end":{"line":451,"column":21}},"loc":{"start":{"line":451,"column":29},"end":{"line":451,"column":69}},"line":451},"28":{"name":"(anonymous_28)","decl":{"start":{"line":451,"column":37},"end":{"line":451,"column":38}},"loc":{"start":{"line":451,"column":47},"end":{"line":451,"column":58}},"line":451},"29":{"name":"(anonymous_29)","decl":{"start":{"line":561,"column":26},"end":{"line":561,"column":27}},"loc":{"start":{"line":562,"column":12},"end":{"line":673,"column":null}},"line":562},"30":{"name":"App","decl":{"start":{"line":681,"column":9},"end":{"line":681,"column":15}},"loc":{"start":{"line":681,"column":15},"end":{"line":853,"column":null}},"line":681},"31":{"name":"(anonymous_31)","decl":{"start":{"line":688,"column":12},"end":{"line":688,"column":18}},"loc":{"start":{"line":688,"column":18},"end":{"line":690,"column":5}},"line":688},"32":{"name":"(anonymous_32)","decl":{"start":{"line":693,"column":12},"end":{"line":693,"column":18}},"loc":{"start":{"line":693,"column":18},"end":{"line":704,"column":5}},"line":693},"33":{"name":"(anonymous_33)","decl":{"start":{"line":694,"column":29},"end":{"line":694,"column":41}},"loc":{"start":{"line":694,"column":41},"end":{"line":702,"column":null}},"line":694},"34":{"name":"(anonymous_34)","decl":{"start":{"line":706,"column":23},"end":{"line":706,"column":30}},"loc":{"start":{"line":706,"column":55},"end":{"line":719,"column":null}},"line":706},"35":{"name":"(anonymous_35)","decl":{"start":{"line":721,"column":22},"end":{"line":721,"column":28}},"loc":{"start":{"line":721,"column":28},"end":{"line":723,"column":null}},"line":721},"36":{"name":"(anonymous_36)","decl":{"start":{"line":823,"column":22},"end":{"line":823,"column":23}},"loc":{"start":{"line":824,"column":12},"end":{"line":847,"column":null}},"line":824},"37":{"name":"(anonymous_37)","decl":{"start":{"line":826,"column":25},"end":{"line":826,"column":31}},"loc":{"start":{"line":826,"column":31},"end":{"line":826,"column":null}},"line":826}},"branchMap":{"0":{"loc":{"start":{"line":107,"column":19},"end":{"line":107,"column":null}},"type":"cond-expr","locations":[{"start":{"line":107,"column":52},"end":{"line":107,"column":59}},{"start":{"line":107,"column":59},"end":{"line":107,"column":null}}],"line":107},"1":{"loc":{"start":{"line":107,"column":19},"end":{"line":107,"column":52}},"type":"binary-expr","locations":[{"start":{"line":107,"column":19},"end":{"line":107,"column":38}},{"start":{"line":107,"column":38},"end":{"line":107,"column":52}}],"line":107},"2":{"loc":{"start":{"line":181,"column":34},"end":{"line":183,"column":null}},"type":"cond-expr","locations":[{"start":{"line":182,"column":26},"end":{"line":182,"column":null}},{"start":{"line":183,"column":26},"end":{"line":183,"column":null}}],"line":181},"3":{"loc":{"start":{"line":202,"column":32},"end":{"line":204,"column":null}},"type":"cond-expr","locations":[{"start":{"line":203,"column":26},"end":{"line":203,"column":null}},{"start":{"line":204,"column":26},"end":{"line":204,"column":null}}],"line":202},"4":{"loc":{"start":{"line":226,"column":35},"end":{"line":228,"column":null}},"type":"cond-expr","locations":[{"start":{"line":227,"column":26},"end":{"line":227,"column":null}},{"start":{"line":228,"column":26},"end":{"line":228,"column":null}}],"line":226},"5":{"loc":{"start":{"line":232,"column":20},"end":{"line":234,"column":null}},"type":"cond-expr","locations":[{"start":{"line":233,"column":24},"end":{"line":233,"column":null}},{"start":{"line":234,"column":24},"end":{"line":234,"column":null}}],"line":232},"6":{"loc":{"start":{"line":242,"column":15},"end":{"line":244,"column":null}},"type":"cond-expr","locations":[{"start":{"line":243,"column":18},"end":{"line":243,"column":null}},{"start":{"line":244,"column":18},"end":{"line":244,"column":null}}],"line":242},"7":{"loc":{"start":{"line":257,"column":55},"end":{"line":257,"column":87}},"type":"cond-expr","locations":[{"start":{"line":257,"column":70},"end":{"line":257,"column":85}},{"start":{"line":257,"column":85},"end":{"line":257,"column":87}}],"line":257},"8":{"loc":{"start":{"line":269,"column":11},"end":{"line":269,"column":null}},"type":"cond-expr","locations":[{"start":{"line":269,"column":26},"end":{"line":269,"column":52}},{"start":{"line":269,"column":52},"end":{"line":269,"column":null}}],"line":269},"9":{"loc":{"start":{"line":273,"column":9},"end":{"line":395,"column":null}},"type":"binary-expr","locations":[{"start":{"line":273,"column":9},"end":{"line":273,"column":null}},{"start":{"line":274,"column":10},"end":{"line":395,"column":null}}],"line":273},"10":{"loc":{"start":{"line":390,"column":17},"end":{"line":392,"column":null}},"type":"cond-expr","locations":[{"start":{"line":391,"column":20},"end":{"line":391,"column":null}},{"start":{"line":392,"column":20},"end":{"line":392,"column":null}}],"line":390},"11":{"loc":{"start":{"line":433,"column":21},"end":{"line":433,"column":null}},"type":"binary-expr","locations":[{"start":{"line":433,"column":21},"end":{"line":433,"column":31}},{"start":{"line":433,"column":31},"end":{"line":433,"column":null}}],"line":433},"12":{"loc":{"start":{"line":465,"column":6},"end":{"line":470,"column":null}},"type":"if","locations":[{"start":{"line":465,"column":6},"end":{"line":470,"column":null}},{"start":{},"end":{}}],"line":465},"13":{"loc":{"start":{"line":476,"column":2},"end":{"line":483,"column":null}},"type":"if","locations":[{"start":{"line":476,"column":2},"end":{"line":483,"column":null}},{"start":{},"end":{}}],"line":476},"14":{"loc":{"start":{"line":487,"column":7},"end":{"line":533,"column":null}},"type":"binary-expr","locations":[{"start":{"line":487,"column":7},"end":{"line":487,"column":null}},{"start":{"line":488,"column":8},"end":{"line":533,"column":null}}],"line":487},"15":{"loc":{"start":{"line":491,"column":28},"end":{"line":491,"column":66}},"type":"cond-expr","locations":[{"start":{"line":491,"column":47},"end":{"line":491,"column":57}},{"start":{"line":491,"column":57},"end":{"line":491,"column":66}}],"line":491},"16":{"loc":{"start":{"line":536,"column":7},"end":{"line":675,"column":null}},"type":"cond-expr","locations":[{"start":{"line":537,"column":8},"end":{"line":558,"column":null}},{"start":{"line":560,"column":8},"end":{"line":675,"column":null}}],"line":536},"17":{"loc":{"start":{"line":571,"column":24},"end":{"line":579,"column":null}},"type":"cond-expr","locations":[{"start":{"line":572,"column":28},"end":{"line":572,"column":null}},{"start":{"line":573,"column":28},"end":{"line":579,"column":null}}],"line":571},"18":{"loc":{"start":{"line":573,"column":28},"end":{"line":579,"column":null}},"type":"cond-expr","locations":[{"start":{"line":574,"column":30},"end":{"line":574,"column":null}},{"start":{"line":575,"column":30},"end":{"line":579,"column":null}}],"line":573},"19":{"loc":{"start":{"line":575,"column":30},"end":{"line":579,"column":null}},"type":"cond-expr","locations":[{"start":{"line":576,"column":32},"end":{"line":576,"column":null}},{"start":{"line":577,"column":32},"end":{"line":579,"column":null}}],"line":575},"20":{"loc":{"start":{"line":577,"column":32},"end":{"line":579,"column":null}},"type":"cond-expr","locations":[{"start":{"line":578,"column":34},"end":{"line":578,"column":null}},{"start":{"line":579,"column":34},"end":{"line":579,"column":null}}],"line":577},"21":{"loc":{"start":{"line":665,"column":20},"end":{"line":670,"column":null}},"type":"cond-expr","locations":[{"start":{"line":666,"column":24},"end":{"line":669,"column":null}},{"start":{"line":670,"column":24},"end":{"line":670,"column":null}}],"line":665},"22":{"loc":{"start":{"line":665,"column":20},"end":{"line":665,"column":null}},"type":"binary-expr","locations":[{"start":{"line":665,"column":20},"end":{"line":665,"column":37}},{"start":{"line":665,"column":37},"end":{"line":665,"column":null}}],"line":665},"23":{"loc":{"start":{"line":728,"column":9},"end":{"line":750,"column":null}},"type":"binary-expr","locations":[{"start":{"line":728,"column":9},"end":{"line":728,"column":null}},{"start":{"line":729,"column":10},"end":{"line":750,"column":null}}],"line":728},"24":{"loc":{"start":{"line":827,"column":41},"end":{"line":827,"column":68}},"type":"cond-expr","locations":[{"start":{"line":827,"column":55},"end":{"line":827,"column":66}},{"start":{"line":827,"column":66},"end":{"line":827,"column":68}}],"line":827},"25":{"loc":{"start":{"line":829,"column":17},"end":{"line":843,"column":null}},"type":"binary-expr","locations":[{"start":{"line":829,"column":17},"end":{"line":829,"column":null}},{"start":{"line":830,"column":18},"end":{"line":843,"column":null}}],"line":829}},"s":{"0":4,"1":4,"2":503,"3":503,"4":503,"5":46,"6":46,"7":503,"8":8,"9":8,"10":503,"11":161,"12":315,"13":315,"14":4,"15":4,"16":2515,"17":17,"18":17,"19":1,"20":197,"21":590,"22":12,"23":28,"24":43,"25":43,"26":62,"27":136,"28":136,"29":62,"30":49,"31":65,"32":65,"33":49,"34":167,"35":167,"36":167,"37":6,"38":6,"39":6,"40":11,"41":6,"42":11,"43":55,"44":6,"45":6,"46":5,"47":5,"48":5,"49":0,"50":167,"51":27,"52":140,"53":258,"54":130,"55":130,"56":130,"57":130,"58":130,"59":44,"60":130,"61":39,"62":39,"63":39,"64":37,"65":2,"66":2,"67":39,"68":130,"69":24,"70":24,"71":24,"72":21,"73":3,"74":3,"75":24,"76":130,"77":4,"78":130,"79":1040,"80":5},"f":{"0":503,"1":46,"2":8,"3":161,"4":315,"5":315,"6":4,"7":4,"8":2515,"9":17,"10":17,"11":1,"12":197,"13":590,"14":12,"15":28,"16":43,"17":43,"18":62,"19":136,"20":136,"21":49,"22":65,"23":65,"24":167,"25":6,"26":11,"27":11,"28":55,"29":258,"30":130,"31":44,"32":39,"33":39,"34":24,"35":4,"36":1040,"37":5},"b":{"0":[1,7],"1":[8,8],"2":[4,0],"3":[4,0],"4":[1,16],"5":[197,2318],"6":[400,103],"7":[160,343],"8":[160,343],"9":[503,160],"10":[9,151],"11":[167,1],"12":[5,1],"13":[27,140],"14":[140,50],"15":[42,8],"16":[90,50],"17":[3,255],"18":[247,8],"19":[6,2],"20":[1,1],"21":[152,106],"22":[258,258],"23":[130,39],"24":[130,910],"25":[1040,130]},"meta":{"lastBranch":26,"lastFunction":38,"lastStatement":81,"seen":{"s:34:20:65:Infinity":0,"s:68:15:77:Infinity":1,"f:79:16:79:27":0,"s:84:38:84:Infinity":2,"s:85:38:96:Infinity":3,"s:98:23:101:Infinity":4,"f:98:23:98:24":1,"s:99:4:99:Infinity":5,"s:100:4:100:Infinity":6,"s:103:33:109:Infinity":7,"f:103:33:103:34":2,"s:104:18:104:Infinity":8,"s:105:4:108:Infinity":9,"b:107:52:107:59:107:59:107:Infinity":0,"b:107:19:107:38:107:38:107:52":1,"s:111:2:419:Infinity":10,"f:146:24:146:25":3,"s:147:16:153:Infinity":11,"f:151:25:151:26":4,"s:151:32:151:40":12,"f:152:28:152:29":5,"s:152:35:152:36":13,"f:178:28:178:29":6,"s:179:20:184:Infinity":14,"b:182:26:182:Infinity:183:26:183:Infinity":2,"f:199:28:199:29":7,"s:200:20:205:Infinity":15,"b:203:26:203:Infinity:204:26:204:Infinity":3,"f:218:31:218:32":8,"s:219:16:238:Infinity":16,"f:223:27:223:33":9,"s:224:20:229:Infinity":17,"f:224:36:224:37":10,"s:224:47:229:22":18,"b:227:26:227:Infinity:228:26:228:Infinity":4,"f:227:50:227:51":11,"s:227:58:227:72":19,"b:233:24:233:Infinity:234:24:234:Infinity":5,"b:243:18:243:Infinity:244:18:244:Infinity":6,"f:244:64:244:65":12,"s:244:72:244:115":20,"f:244:89:244:90":13,"s:244:96:244:107":21,"f:252:19:252:25":14,"s:252:25:252:Infinity":22,"b:257:70:257:85:257:85:257:87":7,"b:269:26:269:52:269:52:269:Infinity":8,"b:273:9:273:Infinity:274:10:395:Infinity":9,"f:307:26:307:27":15,"s:308:18:314:Infinity":23,"f:312:27:312:28":16,"s:312:34:312:42":24,"f:313:30:313:31":17,"s:313:37:313:38":25,"f:335:28:335:29":18,"s:336:32:339:Infinity":26,"f:338:27:338:28":19,"s:338:35:338:54":27,"f:339:30:339:31":20,"s:339:38:339:48":28,"s:340:20:340:Infinity":29,"f:360:28:360:29":21,"s:361:36:364:Infinity":30,"f:363:27:363:28":22,"s:363:34:363:42":31,"f:364:30:364:31":23,"s:364:37:364:38":32,"s:365:20:365:Infinity":33,"b:391:20:391:Infinity:392:20:392:Infinity":10,"f:423:16:423:26":24,"s:433:21:433:Infinity":34,"b:433:21:433:31:433:31:433:Infinity":11,"s:434:21:434:Infinity":35,"s:436:23:474:Infinity":36,"f:436:23:436:35":25,"s:437:4:473:Infinity":37,"s:439:22:439:Infinity":38,"s:440:19:447:Infinity":39,"f:440:34:440:35":26,"s:440:45:447:7":40,"s:449:25:452:Infinity":41,"f:451:20:451:21":27,"s:451:29:451:69":42,"f:451:37:451:38":28,"s:451:47:451:58":43,"s:455:23:463:Infinity":44,"b:465:6:470:Infinity:undefined:undefined:undefined:undefined":12,"s:465:6:470:Infinity":45,"s:467:24:467:Infinity":46,"s:468:21:468:Infinity":47,"s:469:8:469:Infinity":48,"s:472:6:472:Infinity":49,"b:476:2:483:Infinity:undefined:undefined:undefined:undefined":13,"s:476:2:483:Infinity":50,"s:477:4:481:Infinity":51,"s:485:2:677:Infinity":52,"b:487:7:487:Infinity:488:8:533:Infinity":14,"b:491:47:491:57:491:57:491:66":15,"b:537:8:558:Infinity:560:8:675:Infinity":16,"f:561:26:561:27":29,"s:562:12:673:Infinity":53,"b:572:28:572:Infinity:573:28:579:Infinity":17,"b:574:30:574:Infinity:575:30:579:Infinity":18,"b:576:32:576:Infinity:577:32:579:Infinity":19,"b:578:34:578:Infinity:579:34:579:Infinity":20,"b:666:24:669:Infinity:670:24:670:Infinity":21,"b:665:20:665:37:665:37:665:Infinity":22,"f:681:9:681:15":30,"s:682:26:682:Infinity":54,"s:683:32:683:Infinity":55,"s:684:24:684:Infinity":56,"s:685:28:685:Infinity":57,"s:688:2:690:Infinity":58,"f:688:12:688:18":31,"s:689:4:689:Infinity":59,"s:693:2:704:Infinity":60,"f:693:12:693:18":32,"s:694:29:702:Infinity":61,"f:694:29:694:41":33,"s:695:6:701:Infinity":62,"s:696:24:696:Infinity":63,"s:697:8:697:Infinity":64,"s:699:8:699:Infinity":65,"s:700:8:700:Infinity":66,"s:703:4:703:Infinity":67,"s:706:23:719:Infinity":68,"f:706:23:706:30":34,"s:707:4:707:Infinity":69,"s:708:4:718:Infinity":70,"s:709:22:711:Infinity":71,"s:712:6:712:Infinity":72,"s:714:6:714:Infinity":73,"s:715:6:715:Infinity":74,"s:717:6:717:Infinity":75,"s:721:22:723:Infinity":76,"f:721:22:721:28":35,"s:722:4:722:Infinity":77,"s:725:2:851:Infinity":78,"b:728:9:728:Infinity:729:10:750:Infinity":23,"f:823:22:823:23":36,"s:824:12:847:Infinity":79,"f:826:25:826:31":37,"s:826:31:826:Infinity":80,"b:827:55:827:66:827:66:827:68":24,"b:829:17:829:Infinity:830:18:843:Infinity":25}}}
,"C:\\Users\\Swatto\\EventSleuth\\src\\styles.css": {"path":"C:\\Users\\Swatto\\EventSleuth\\src\\styles.css","statementMap":{},"fnMap":{},"branchMap":{},"s":{},"f":{},"b":{},"meta":{"lastBranch":0,"lastFunction":0,"lastStatement":0,"seen":{}}}
}
